[debug] [2017-07-01T19:38:22.087Z] ----------------------------------------------------------------------
[debug] [2017-07-01T19:38:22.090Z] Command:      /usr/local/bin/node /usr/local/bin/firebase deploy
[debug] [2017-07-01T19:38:22.091Z] CLI Version:  3.9.1
[debug] [2017-07-01T19:38:22.091Z] Platform:     darwin
[debug] [2017-07-01T19:38:22.091Z] Node Version: v6.10.0
[debug] [2017-07-01T19:38:22.092Z] Time:         Sat Jul 01 2017 14:38:22 GMT-0500 (CDT)
[debug] [2017-07-01T19:38:22.092Z] ----------------------------------------------------------------------
[debug] 
[debug] [2017-07-01T19:38:22.156Z] > command requires scopes: ["email","openid","https://www.googleapis.com/auth/cloudplatformprojects.readonly","https://www.googleapis.com/auth/firebase","https://www.googleapis.com/auth/cloud-platform"]
[debug] [2017-07-01T19:38:22.157Z] > authorizing via signed-in user
[debug] [2017-07-01T19:38:22.160Z] > refreshing access token with scopes: ["email","https://www.googleapis.com/auth/cloud-platform","https://www.googleapis.com/auth/cloudplatformprojects.readonly","https://www.googleapis.com/auth/firebase","openid"]
[debug] [2017-07-01T19:38:22.160Z] >>> HTTP REQUEST POST https://www.googleapis.com/oauth2/v3/token { refresh_token: '1/NI8u9vY4uNhU5CIX023UELPiE3f2NYdTTAhzPrQH02s',
  client_id: '563584335869-fgrhgmd47bqnekij5i8b5pr03ho849e6.apps.googleusercontent.com',
  client_secret: 'j9iVZfS8kkCEFUPaAeJV0sAi',
  grant_type: 'refresh_token',
  scope: 'email https://www.googleapis.com/auth/cloud-platform https://www.googleapis.com/auth/cloudplatformprojects.readonly https://www.googleapis.com/auth/firebase openid' } 
 Sat Jul 01 2017 14:38:22 GMT-0500 (CDT)
[debug] [2017-07-01T19:38:22.545Z] <<< HTTP RESPONSE 200
[debug] [2017-07-01T19:38:22.548Z] >>> HTTP REQUEST GET https://admin.firebase.com/v1/projects/linea-etica  
 Sat Jul 01 2017 14:38:22 GMT-0500 (CDT)
[debug] [2017-07-01T19:38:23.227Z] <<< HTTP RESPONSE 200
[debug] [2017-07-01T19:38:23.228Z] >>> HTTP REQUEST GET https://admin.firebase.com/v1/database/linea-etica/tokens  
 Sat Jul 01 2017 14:38:23 GMT-0500 (CDT)
[debug] [2017-07-01T19:38:24.045Z] <<< HTTP RESPONSE 200
[info] 
[info] === Deploying to 'linea-etica'...
[info] 
[info] i  deploying database, hosting
[info] ✔  database: rules ready to deploy.
[info] i  hosting: preparing build directory for upload...
[debug] [2017-07-01T19:38:26.542Z] >>> HTTP REQUEST PUT https://deploy.firebase.com/v1/hosting/linea-etica/uploads/-KnzeJy27MmFYlKRmUN2?fileCount=12&message=  
 Sat Jul 01 2017 14:38:26 GMT-0500 (CDT)
[debug] [2017-07-01T19:40:53.634Z] Error: write EPIPE
[error] 
[error] Error: Server Error. write EPIPE
[debug] [2017-07-01T19:45:11.614Z] ----------------------------------------------------------------------
[debug] [2017-07-01T19:45:11.619Z] Command:      /usr/local/bin/node /usr/local/bin/firebase deploy --debug
[debug] [2017-07-01T19:45:11.620Z] CLI Version:  3.9.1
[debug] [2017-07-01T19:45:11.620Z] Platform:     darwin
[debug] [2017-07-01T19:45:11.621Z] Node Version: v6.10.0
[debug] [2017-07-01T19:45:11.621Z] Time:         Sat Jul 01 2017 14:45:11 GMT-0500 (CDT)
[debug] [2017-07-01T19:45:11.621Z] ----------------------------------------------------------------------
[debug] 
[debug] [2017-07-01T19:45:11.639Z] > command requires scopes: ["email","openid","https://www.googleapis.com/auth/cloudplatformprojects.readonly","https://www.googleapis.com/auth/firebase","https://www.googleapis.com/auth/cloud-platform"]
[debug] [2017-07-01T19:45:11.639Z] > authorizing via signed-in user
[debug] [2017-07-01T19:45:11.643Z] >>> HTTP REQUEST GET https://admin.firebase.com/v1/projects/linea-etica  
 Sat Jul 01 2017 14:45:11 GMT-0500 (CDT)
[debug] [2017-07-01T19:45:12.663Z] <<< HTTP RESPONSE 200
[debug] [2017-07-01T19:45:12.665Z] >>> HTTP REQUEST GET https://admin.firebase.com/v1/database/linea-etica/tokens  
 Sat Jul 01 2017 14:45:12 GMT-0500 (CDT)
[debug] [2017-07-01T19:45:13.155Z] <<< HTTP RESPONSE 200
[info] 
[info] === Deploying to 'linea-etica'...
[info] 
[info] i  deploying database, hosting
[info] ✔  database: rules ready to deploy.
[info] i  hosting: preparing build directory for upload...
[debug] [2017-07-01T19:45:15.471Z] >>> HTTP REQUEST PUT https://deploy.firebase.com/v1/hosting/linea-etica/uploads/-KnzfsoLPpf8cs3403z5?fileCount=12&message=  
 Sat Jul 01 2017 14:45:15 GMT-0500 (CDT)
[debug] [2017-07-01T19:48:19.787Z] <<< HTTP RESPONSE 200
[debug] [2017-07-01T19:48:19.788Z] [hosting] .tgz uploaded successfully, waiting for extraction
[info] ✔  hosting: 12 files uploaded successfully
[info] i  starting release process (may take several minutes)...
[debug] [2017-07-01T19:48:25.087Z] >>> HTTP REQUEST POST https://deploy.firebase.com/v1/projects/linea-etica/releases { database: { rulesString: '{\n  "rules": {\n    ".read": "true",\n    ".write": "true"\n  }\n}\n' },
  hosting: 
   { public: 'build',
     rewrites: [ [Object] ],
     version: '-KnzfsoLPpf8cs3403z5',
     prefix: '-KnzfsoLPpf8cs3403z5/',
     manifest: [] } } 
 Sat Jul 01 2017 14:48:25 GMT-0500 (CDT)
[debug] [2017-07-01T19:48:25.853Z] <<< HTTP RESPONSE 200
[info] 
[info] ✔  Deploy complete!
[info] 
[info] Project Console: https://console.firebase.google.com/project/linea-etica/overview
[info] Hosting URL: https://linea-etica.firebaseapp.com
